  main.cpp
D:\PROGRAMMING\BlackOut3\blackOut3\blackOut3\main.cpp(66,1): warning C4305:  =: усечение из "double" в "float"
D:\PROGRAMMING\BlackOut3\blackOut3\blackOut3\main.cpp(76,26): warning C4244:  =: преобразование "double" в "float", возможна потеря данных
D:\PROGRAMMING\BlackOut3\blackOut3\blackOut3\main.cpp(81,1): warning C4244:  +=: преобразование "double" в "float", возможна потеря данных
D:\PROGRAMMING\BlackOut3\blackOut3\blackOut3\main.cpp(99,14): warning C4244:  инициализация: преобразование "T" в "int", возможна потеря данных
D:\PROGRAMMING\BlackOut3\blackOut3\blackOut3\main.cpp(99,14): warning C4244:         with
D:\PROGRAMMING\BlackOut3\blackOut3\blackOut3\main.cpp(99,14): warning C4244:         [
D:\PROGRAMMING\BlackOut3\blackOut3\blackOut3\main.cpp(99,14): warning C4244:             T=float
D:\PROGRAMMING\BlackOut3\blackOut3\blackOut3\main.cpp(99,14): warning C4244:         ]
D:\PROGRAMMING\BlackOut3\blackOut3\blackOut3\main.cpp(100,15): warning C4244:  инициализация: преобразование "T" в "int", возможна потеря данных
D:\PROGRAMMING\BlackOut3\blackOut3\blackOut3\main.cpp(100,15): warning C4244:         with
D:\PROGRAMMING\BlackOut3\blackOut3\blackOut3\main.cpp(100,15): warning C4244:         [
D:\PROGRAMMING\BlackOut3\blackOut3\blackOut3\main.cpp(100,15): warning C4244:             T=float
D:\PROGRAMMING\BlackOut3\blackOut3\blackOut3\main.cpp(100,15): warning C4244:         ]
D:\PROGRAMMING\BlackOut3\blackOut3\blackOut3\main.cpp(110,25): warning C4244:  =: преобразование "int" в "T", возможна потеря данных
D:\PROGRAMMING\BlackOut3\blackOut3\blackOut3\main.cpp(110,25): warning C4244:         with
D:\PROGRAMMING\BlackOut3\blackOut3\blackOut3\main.cpp(110,25): warning C4244:         [
D:\PROGRAMMING\BlackOut3\blackOut3\blackOut3\main.cpp(110,25): warning C4244:             T=float
D:\PROGRAMMING\BlackOut3\blackOut3\blackOut3\main.cpp(110,25): warning C4244:         ]
D:\PROGRAMMING\BlackOut3\blackOut3\blackOut3\main.cpp(118,26): warning C4244:  =: преобразование "int" в "T", возможна потеря данных
D:\PROGRAMMING\BlackOut3\blackOut3\blackOut3\main.cpp(118,26): warning C4244:         with
D:\PROGRAMMING\BlackOut3\blackOut3\blackOut3\main.cpp(118,26): warning C4244:         [
D:\PROGRAMMING\BlackOut3\blackOut3\blackOut3\main.cpp(118,26): warning C4244:             T=float
D:\PROGRAMMING\BlackOut3\blackOut3\blackOut3\main.cpp(118,26): warning C4244:         ]
D:\PROGRAMMING\BlackOut3\blackOut3\blackOut3\main.cpp(153,23): warning C4244:  аргумент: преобразование "int" в "T", возможна потеря данных
D:\PROGRAMMING\BlackOut3\blackOut3\blackOut3\main.cpp(153,23): warning C4244:         with
D:\PROGRAMMING\BlackOut3\blackOut3\blackOut3\main.cpp(153,23): warning C4244:         [
D:\PROGRAMMING\BlackOut3\blackOut3\blackOut3\main.cpp(153,23): warning C4244:             T=float
D:\PROGRAMMING\BlackOut3\blackOut3\blackOut3\main.cpp(153,23): warning C4244:         ]
D:\PROGRAMMING\BlackOut3\blackOut3\blackOut3\main.cpp(153,20): warning C4244:  аргумент: преобразование "int" в "T", возможна потеря данных
D:\PROGRAMMING\BlackOut3\blackOut3\blackOut3\main.cpp(153,20): warning C4244:         with
D:\PROGRAMMING\BlackOut3\blackOut3\blackOut3\main.cpp(153,20): warning C4244:         [
D:\PROGRAMMING\BlackOut3\blackOut3\blackOut3\main.cpp(153,20): warning C4244:             T=float
D:\PROGRAMMING\BlackOut3\blackOut3\blackOut3\main.cpp(153,20): warning C4244:         ]
D:\PROGRAMMING\BlackOut3\blackOut3\blackOut3\main.cpp(155,1): warning C4305:  =: усечение из "double" в "float"
D:\PROGRAMMING\BlackOut3\blackOut3\blackOut3\main.cpp(166,1): warning C4244:  +=: преобразование "double" в "float", возможна потеря данных
D:\PROGRAMMING\BlackOut3\blackOut3\blackOut3\main.cpp(179,14): warning C4244:  инициализация: преобразование "T" в "int", возможна потеря данных
D:\PROGRAMMING\BlackOut3\blackOut3\blackOut3\main.cpp(179,14): warning C4244:         with
D:\PROGRAMMING\BlackOut3\blackOut3\blackOut3\main.cpp(179,14): warning C4244:         [
D:\PROGRAMMING\BlackOut3\blackOut3\blackOut3\main.cpp(179,14): warning C4244:             T=float
D:\PROGRAMMING\BlackOut3\blackOut3\blackOut3\main.cpp(179,14): warning C4244:         ]
D:\PROGRAMMING\BlackOut3\blackOut3\blackOut3\main.cpp(180,15): warning C4244:  инициализация: преобразование "T" в "int", возможна потеря данных
D:\PROGRAMMING\BlackOut3\blackOut3\blackOut3\main.cpp(180,15): warning C4244:         with
D:\PROGRAMMING\BlackOut3\blackOut3\blackOut3\main.cpp(180,15): warning C4244:         [
D:\PROGRAMMING\BlackOut3\blackOut3\blackOut3\main.cpp(180,15): warning C4244:             T=float
D:\PROGRAMMING\BlackOut3\blackOut3\blackOut3\main.cpp(180,15): warning C4244:         ]
D:\PROGRAMMING\BlackOut3\blackOut3\blackOut3\main.cpp(189,26): warning C4244:  =: преобразование "int" в "T", возможна потеря данных
D:\PROGRAMMING\BlackOut3\blackOut3\blackOut3\main.cpp(189,26): warning C4244:         with
D:\PROGRAMMING\BlackOut3\blackOut3\blackOut3\main.cpp(189,26): warning C4244:         [
D:\PROGRAMMING\BlackOut3\blackOut3\blackOut3\main.cpp(189,26): warning C4244:             T=float
D:\PROGRAMMING\BlackOut3\blackOut3\blackOut3\main.cpp(189,26): warning C4244:         ]
D:\PROGRAMMING\BlackOut3\blackOut3\blackOut3\main.cpp(266,58): warning C4244:  аргумент: преобразование "T" в "float", возможна потеря данных
D:\PROGRAMMING\BlackOut3\blackOut3\blackOut3\main.cpp(266,58): warning C4244:         with
D:\PROGRAMMING\BlackOut3\blackOut3\blackOut3\main.cpp(266,58): warning C4244:         [
D:\PROGRAMMING\BlackOut3\blackOut3\blackOut3\main.cpp(266,58): warning C4244:             T=unsigned int
D:\PROGRAMMING\BlackOut3\blackOut3\blackOut3\main.cpp(266,58): warning C4244:         ]
D:\PROGRAMMING\BlackOut3\blackOut3\blackOut3\main.cpp(266,38): warning C4244:  аргумент: преобразование "T" в "float", возможна потеря данных
D:\PROGRAMMING\BlackOut3\blackOut3\blackOut3\main.cpp(266,38): warning C4244:         with
D:\PROGRAMMING\BlackOut3\blackOut3\blackOut3\main.cpp(266,38): warning C4244:         [
D:\PROGRAMMING\BlackOut3\blackOut3\blackOut3\main.cpp(266,38): warning C4244:             T=unsigned int
D:\PROGRAMMING\BlackOut3\blackOut3\blackOut3\main.cpp(266,38): warning C4244:         ]
D:\PROGRAMMING\BlackOut3\blackOut3\blackOut3\main.cpp(292,14): warning C4244:  инициализация: преобразование "sf::Int64" в "float", возможна потеря данных
D:\PROGRAMMING\BlackOut3\blackOut3\blackOut3\main.cpp(295,54): warning C4244:  =: преобразование "float" в "int", возможна потеря данных
D:\PROGRAMMING\BlackOut3\blackOut3\blackOut3\main.cpp(297,27): warning C4305:  аргумент: усечение из "double" в "float"
D:\PROGRAMMING\BlackOut3\blackOut3\blackOut3\main.cpp(300,21): warning C4305:  аргумент: усечение из "double" в "float"
D:\PROGRAMMING\BlackOut3\blackOut3\blackOut3\main.cpp(317,62): warning C4305:  =: усечение из "double" в "float"
D:\PROGRAMMING\BlackOut3\blackOut3\blackOut3\main.cpp(319,62): warning C4305:  =: усечение из "double" в "float"
D:\PROGRAMMING\BlackOut3\blackOut3\blackOut3\main.cpp(321,76): warning C4305:  =: усечение из "double" в "float"
D:\PROGRAMMING\BlackOut3\blackOut3\blackOut3\main.cpp(341,46): warning C4305:  =: усечение из "double" в "float"
  Создание кода
D:\PROGRAMMING\BlackOut3\blackOut3\blackOut3\main.cpp(404): warning C4715: startGame: значение возвращается не при всех путях выполнения
  1 of 144 functions ( 0.7%) were compiled, the rest were copied from previous compilation.
    0 functions were new in current compilation
    1 functions had inline decision re-evaluated but remain unchanged
  Создание кода завершено
  blackOut3.vcxproj -> D:\PROGRAMMING\BlackOut3\blackOut3\x64\Release\blackOut3.exe
