  main.cpp
D:\PROGRAMMING\BlackOut3\blackOut3\blackOut3\main.cpp(52,1): warning C4305:  =: усечение из "double" в "float"
D:\PROGRAMMING\BlackOut3\blackOut3\blackOut3\main.cpp(64,26): warning C4244:  =: преобразование "double" в "float", возможна потеря данных
D:\PROGRAMMING\BlackOut3\blackOut3\blackOut3\main.cpp(70,1): warning C4244:  +=: преобразование "double" в "float", возможна потеря данных
D:\PROGRAMMING\BlackOut3\blackOut3\blackOut3\main.cpp(87,14): warning C4244:  инициализация: преобразование "T" в "int", возможна потеря данных
D:\PROGRAMMING\BlackOut3\blackOut3\blackOut3\main.cpp(87,14): warning C4244:         with
D:\PROGRAMMING\BlackOut3\blackOut3\blackOut3\main.cpp(87,14): warning C4244:         [
D:\PROGRAMMING\BlackOut3\blackOut3\blackOut3\main.cpp(87,14): warning C4244:             T=float
D:\PROGRAMMING\BlackOut3\blackOut3\blackOut3\main.cpp(87,14): warning C4244:         ]
D:\PROGRAMMING\BlackOut3\blackOut3\blackOut3\main.cpp(88,15): warning C4244:  инициализация: преобразование "T" в "int", возможна потеря данных
D:\PROGRAMMING\BlackOut3\blackOut3\blackOut3\main.cpp(88,15): warning C4244:         with
D:\PROGRAMMING\BlackOut3\blackOut3\blackOut3\main.cpp(88,15): warning C4244:         [
D:\PROGRAMMING\BlackOut3\blackOut3\blackOut3\main.cpp(88,15): warning C4244:             T=float
D:\PROGRAMMING\BlackOut3\blackOut3\blackOut3\main.cpp(88,15): warning C4244:         ]
D:\PROGRAMMING\BlackOut3\blackOut3\blackOut3\main.cpp(98,25): warning C4244:  =: преобразование "int" в "T", возможна потеря данных
D:\PROGRAMMING\BlackOut3\blackOut3\blackOut3\main.cpp(98,25): warning C4244:         with
D:\PROGRAMMING\BlackOut3\blackOut3\blackOut3\main.cpp(98,25): warning C4244:         [
D:\PROGRAMMING\BlackOut3\blackOut3\blackOut3\main.cpp(98,25): warning C4244:             T=float
D:\PROGRAMMING\BlackOut3\blackOut3\blackOut3\main.cpp(98,25): warning C4244:         ]
D:\PROGRAMMING\BlackOut3\blackOut3\blackOut3\main.cpp(106,26): warning C4244:  =: преобразование "int" в "T", возможна потеря данных
D:\PROGRAMMING\BlackOut3\blackOut3\blackOut3\main.cpp(106,26): warning C4244:         with
D:\PROGRAMMING\BlackOut3\blackOut3\blackOut3\main.cpp(106,26): warning C4244:         [
D:\PROGRAMMING\BlackOut3\blackOut3\blackOut3\main.cpp(106,26): warning C4244:             T=float
D:\PROGRAMMING\BlackOut3\blackOut3\blackOut3\main.cpp(106,26): warning C4244:         ]
D:\PROGRAMMING\BlackOut3\blackOut3\blackOut3\main.cpp(135,23): warning C4244:  аргумент: преобразование "int" в "T", возможна потеря данных
D:\PROGRAMMING\BlackOut3\blackOut3\blackOut3\main.cpp(135,23): warning C4244:         with
D:\PROGRAMMING\BlackOut3\blackOut3\blackOut3\main.cpp(135,23): warning C4244:         [
D:\PROGRAMMING\BlackOut3\blackOut3\blackOut3\main.cpp(135,23): warning C4244:             T=float
D:\PROGRAMMING\BlackOut3\blackOut3\blackOut3\main.cpp(135,23): warning C4244:         ]
D:\PROGRAMMING\BlackOut3\blackOut3\blackOut3\main.cpp(135,20): warning C4244:  аргумент: преобразование "int" в "T", возможна потеря данных
D:\PROGRAMMING\BlackOut3\blackOut3\blackOut3\main.cpp(135,20): warning C4244:         with
D:\PROGRAMMING\BlackOut3\blackOut3\blackOut3\main.cpp(135,20): warning C4244:         [
D:\PROGRAMMING\BlackOut3\blackOut3\blackOut3\main.cpp(135,20): warning C4244:             T=float
D:\PROGRAMMING\BlackOut3\blackOut3\blackOut3\main.cpp(135,20): warning C4244:         ]
D:\PROGRAMMING\BlackOut3\blackOut3\blackOut3\main.cpp(137,1): warning C4305:  =: усечение из "double" в "float"
D:\PROGRAMMING\BlackOut3\blackOut3\blackOut3\main.cpp(149,1): warning C4244:  +=: преобразование "double" в "float", возможна потеря данных
D:\PROGRAMMING\BlackOut3\blackOut3\blackOut3\main.cpp(164,14): warning C4244:  инициализация: преобразование "T" в "int", возможна потеря данных
D:\PROGRAMMING\BlackOut3\blackOut3\blackOut3\main.cpp(164,14): warning C4244:         with
D:\PROGRAMMING\BlackOut3\blackOut3\blackOut3\main.cpp(164,14): warning C4244:         [
D:\PROGRAMMING\BlackOut3\blackOut3\blackOut3\main.cpp(164,14): warning C4244:             T=float
D:\PROGRAMMING\BlackOut3\blackOut3\blackOut3\main.cpp(164,14): warning C4244:         ]
D:\PROGRAMMING\BlackOut3\blackOut3\blackOut3\main.cpp(165,15): warning C4244:  инициализация: преобразование "T" в "int", возможна потеря данных
D:\PROGRAMMING\BlackOut3\blackOut3\blackOut3\main.cpp(165,15): warning C4244:         with
D:\PROGRAMMING\BlackOut3\blackOut3\blackOut3\main.cpp(165,15): warning C4244:         [
D:\PROGRAMMING\BlackOut3\blackOut3\blackOut3\main.cpp(165,15): warning C4244:             T=float
D:\PROGRAMMING\BlackOut3\blackOut3\blackOut3\main.cpp(165,15): warning C4244:         ]
D:\PROGRAMMING\BlackOut3\blackOut3\blackOut3\main.cpp(174,26): warning C4244:  =: преобразование "int" в "T", возможна потеря данных
D:\PROGRAMMING\BlackOut3\blackOut3\blackOut3\main.cpp(174,26): warning C4244:         with
D:\PROGRAMMING\BlackOut3\blackOut3\blackOut3\main.cpp(174,26): warning C4244:         [
D:\PROGRAMMING\BlackOut3\blackOut3\blackOut3\main.cpp(174,26): warning C4244:             T=float
D:\PROGRAMMING\BlackOut3\blackOut3\blackOut3\main.cpp(174,26): warning C4244:         ]
D:\PROGRAMMING\BlackOut3\blackOut3\blackOut3\main.cpp(260,14): warning C4244:  инициализация: преобразование "sf::Int64" в "float", возможна потеря данных
D:\PROGRAMMING\BlackOut3\blackOut3\blackOut3\main.cpp(275,65): warning C4305:  =: усечение из "double" в "float"
D:\PROGRAMMING\BlackOut3\blackOut3\blackOut3\main.cpp(277,65): warning C4305:  =: усечение из "double" в "float"
D:\PROGRAMMING\BlackOut3\blackOut3\blackOut3\main.cpp(279,83): warning C4305:  =: усечение из "double" в "float"
D:\PROGRAMMING\BlackOut3\blackOut3\blackOut3\main.cpp(290,54): warning C4305:  =: усечение из "double" в "float"
  Создание кода
  Previous IPDB not found, fall back to full compilation.
  All 81 functions were compiled because no usable IPDB/IOBJ from previous compilation was found.
  Создание кода завершено
  blackOut3.vcxproj -> D:\PROGRAMMING\BlackOut3\blackOut3\Release\blackOut3.exe
